Release\Shader.obj : warning LNK4042: 개체가 두 번 이상 지정되었습니다. 나머지는 무시됩니다.
LINK : warning LNK4098: 'MSVCRTD' defaultlib가 다른 라이브러리와 충돌합니다. /NODEFAULTLIB:library를 사용하십시오.
  코드를 생성하고 있습니다.
LINK : fatal error C1001: 컴파일러에서 내부 오류가 발생했습니다.
  (컴파일러 파일 'f:\dd\vctools\compiler\utc\src\p2\main.c', 줄 258) 
   이 문제를 해결하려면 위 목록에 나오는 위치 부근의 프로그램을 단순화하거나 변경하십시오.
  자세한 내용을 보려면 Visual C++ [도움말] 메뉴에서 [기술 지원] 명령을 
   선택하거나 기술 지원 도움말 파일을 참조하십시오.
    link!InvokeCompilerPass()+0x24a28
    link!InvokeCompilerPass()+0x24a28
    link!InvokeCompilerPass()+0x1e633
    link!DllGetC2Telemetry()+0xbbcc0
  
LINK : fatal error C1001: 컴파일러에서 내부 오류가 발생했습니다.
  (컴파일러 파일 'f:\dd\vctools\compiler\utc\src\p2\main.c', 줄 258) 
   이 문제를 해결하려면 위 목록에 나오는 위치 부근의 프로그램을 단순화하거나 변경하십시오.
  자세한 내용을 보려면 Visual C++ [도움말] 메뉴에서 [기술 지원] 명령을 
   선택하거나 기술 지원 도움말 파일을 참조하십시오.
    link!InvokeCompilerPass()+0x24a28
    link!InvokeCompilerPass()+0x1e633
    link!DllGetC2Telemetry()+0xbbcc0
  
  
LINK : fatal error LNK1000: Internal error during IMAGE::BuildImage
  
    Version 14.12.25831.0
  
    ExceptionCode            = C0000005
    ExceptionFlags           = 00000000
    ExceptionAddress         = 50BC3C44 (50790000) "C:\Program Files (x86)\Microsoft Visual Studio\2017\Community\VC\Tools\MSVC\14.12.25827\bin\HostX86\x86\c2.dll"
    NumberParameters         = 00000002
    ExceptionInformation[ 0] = 00000000
    ExceptionInformation[ 1] = FFFFFFFC
  
  CONTEXT:
    Eax    = 00000000  Esp    = 004FE720
    Ebx    = 00000000  Ebp    = 004FE758
    Ecx    = 00000000  Esi    = 06F69478
    Edx    = 05EF21EC  Edi    = 0429D5BC
    Eip    = 50BC3C44  EFlags = 00010206
    SegCs  = 00000023  SegDs  = 0000002B
    SegSs  = 0000002B  SegEs  = 0000002B
    SegFs  = 00000053  SegGs  = 0000002B
    Dr0    = 00000000  Dr3    = 00000000
    Dr1    = 00000000  Dr6    = 00000000
    Dr2    = 00000000  Dr7    = 00000000
